<?xml version="1.0" encoding="UTF-8"?>
<!-- Generated by org.testng.reporters.JUnitReportReporter -->
<testsuite hostname="HP-chan" failures="0" tests="1" name="gr1.ar1.Test1" time="4.715" errors="0" timestamp="4 Nov 2021 17:46:25 GMT">
  <testcase classname="gr1.ar1.Test1" name="test" time="4.715"/>
</testsuite> <!-- gr1.ar1.Test1 -->
