<?xml version="1.0" encoding="UTF-8"?>
<!-- Generated by org.testng.reporters.JUnitReportReporter -->
<testsuite hostname="HP-chan" failures="0" tests="1" name="gr1.ar1.Test2" time="3.444" errors="0" timestamp="7 Nov 2021 10:29:10 GMT">
  <testcase classname="gr1.ar1.Test2" name="testLogin" time="3.444"/>
</testsuite> <!-- gr1.ar1.Test2 -->
