<?xml version="1.0" encoding="UTF-8"?>
<!-- Generated by org.testng.reporters.JUnitReportReporter -->
<testsuite hostname="HP-chan" failures="0" tests="1" name="gr1.ar1.Test1" time="1.450" errors="0" timestamp="7 Nov 2021 09:31:05 GMT">
  <testcase classname="gr1.ar1.Test1" name="test2" time="1.450"/>
</testsuite> <!-- gr1.ar1.Test1 -->
