<?xml version="1.0" encoding="UTF-8"?>
<!-- Generated by org.testng.reporters.JUnitReportReporter -->
<testsuite hostname="HP-chan" failures="0" tests="3" name="gr1.ar1.Test3" time="22.057" errors="0" timestamp="4 Nov 2021 19:10:11 GMT">
  <testcase classname="gr1.ar1.Test3" name="testRegister" time="7.614"/>
  <testcase classname="gr1.ar1.Test3" name="testRegister" time="7.889"/>
  <testcase classname="gr1.ar1.Test3" name="testRegister" time="6.554"/>
</testsuite> <!-- gr1.ar1.Test3 -->
